<?xml version="1.0" encoding="UTF-8"?>
<!-- Generated by org.testng.reporters.JUnitXMLReporter -->
<testsuite hostname="maashree-PC" ignored="0" name="Add Customer Test" tests="4" failures="0" timestamp="29 Sep 2019 17:02:28 GMT" time="38.032" errors="0">
  <testcase name="addCustomerTest" time="9.665" classname="testcases.AddCustomerTest"/>
  <testcase name="addCustomerTest" time="9.435" classname="testcases.AddCustomerTest"/>
  <testcase name="addCustomerTest" time="9.447" classname="testcases.AddCustomerTest"/>
  <testcase name="addCustomerTest" time="9.439" classname="testcases.AddCustomerTest"/>
</testsuite> <!-- Add Customer Test -->
